\BOOKMARK [0][-]{section*.1}{\376\377\144\130\211\201}{}% 1
\BOOKMARK [0][-]{section*.3}{ABSTRACT}{}% 2
\BOOKMARK [0][-]{section*.5}{\376\377\143\322\126\376\175\042\137\025}{}% 3
\BOOKMARK [0][-]{section*.7}{\376\377\210\150\150\074\175\042\137\025}{}% 4
\BOOKMARK [0][-]{section*.9}{\376\377\173\046\123\367\133\371\161\147\210\150}{}% 5
\BOOKMARK [0][-]{section*.11}{\376\377\177\051\165\145\213\355\133\371\161\147\210\150}{}% 6
\BOOKMARK [0][-]{chapter.1}{\376\377\173\054\116\000\172\340\000\040\000\040\220\017\217\307\145\143\134\004\116\313\215\050\166\204\121\111\214\061\117\341\140\142\131\015\124\214\172\172\225\364\117\341\140\157\140\142\131\015}{}% 7
\BOOKMARK [1][-]{section.1.1}{\376\377\0001\000.\0001\000\040\127\372\116\216\121\111\214\061\117\040\217\223\167\351\226\065\124\214\145\143\145\221\166\370\121\163\142\020\120\317\145\271\154\325\166\204\123\237\164\006\116\313\176\315}{chapter.1}% 8
\BOOKMARK [2][-]{subsection.1.1.1}{\376\377\0001\000.\0001\000.\0001\000\040\127\372\116\216\121\111\214\061\117\040\217\223\167\351\226\065\166\204\121\111\214\061\221\315\136\372\152\041\127\213}{section.1.1}% 9
\BOOKMARK [2][-]{subsection.1.1.2}{\376\377\0001\000.\0001\000.\0002\000\040\127\372\116\216\121\111\133\146\213\260\137\306\145\110\136\224\166\204\145\143\145\221\166\370\121\163\142\020\120\317\152\041\127\213}{section.1.1}% 10
\BOOKMARK [1][-]{section.1.2}{\376\377\0001\000.\0002\000\040\121\111\214\061\117\341\140\157\140\142\131\015\123\312\145\143\145\221\201\352\166\370\121\163\142\020\120\317\145\271\154\325\116\377\167\037\232\214\213\301}{chapter.1}% 11
\BOOKMARK [1][-]{section.1.3}{\376\377\0001\000.\0003\000\040\121\111\214\061\117\341\140\157\140\142\131\015\123\312\145\143\145\221\201\352\166\370\121\163\142\020\120\317\145\271\154\325\133\236\232\214\232\214\213\301}{chapter.1}% 12
\BOOKMARK [2][-]{subsection.1.3.1}{\376\377\0001\000.\0003\000.\0001\000\040\121\111\214\061\221\315\136\372\122\006\147\220}{section.1.3}% 13
\BOOKMARK [2][-]{subsection.1.3.2}{\376\377\0001\000.\0003\000.\0002\000\040\145\143\145\221\166\370\121\163\142\020\120\317\122\006\147\220}{section.1.3}% 14
\BOOKMARK [1][-]{section.1.4}{\376\377\0001\000.\0004\000\040\121\111\214\061\117\040\217\223\167\351\226\065\145\271\154\325\166\204\142\151\134\125}{chapter.1}% 15
\BOOKMARK [2][-]{subsection.1.4.1}{\376\377\0001\000.\0004\000.\0001\000\040\127\372\147\054\123\237\164\006}{section.1.4}% 16
\BOOKMARK [2][-]{subsection.1.4.2}{\376\377\0001\000.\0004\000.\0002\000\040\121\111\214\061\117\040\217\223\167\351\226\065\150\007\133\232}{section.1.4}% 17
\BOOKMARK [2][-]{subsection.1.4.3}{\376\377\0001\000.\0004\000.\0003\000\040\166\356\150\007\221\315\136\372\173\227\154\325}{section.1.4}% 18
\BOOKMARK [1][-]{section.1.5}{\376\377\0001\000.\0005\000\040\130\360\146\016}{chapter.1}% 19
\BOOKMARK [1][-]{section.1.6}{\376\377\0001\000.\0006\000\040\144\130\211\201}{chapter.1}% 20
\BOOKMARK [1][-]{section.1.7}{\376\377\0001\000.\0007\000\040\143\322\126\376\175\042\137\025}{chapter.1}% 21
\BOOKMARK [1][-]{section.1.8}{\376\377\0001\000.\0008\000\040\210\150\150\074\175\042\137\025}{chapter.1}% 22
\BOOKMARK [1][-]{section.1.9}{\376\377\0001\000.\0009\000\040\173\046\123\367\133\371\161\147\210\150}{chapter.1}% 23
\BOOKMARK [1][-]{section.1.10}{\376\377\0001\000.\0001\0000\000\040\177\051\165\145\213\355\133\371\161\147\210\150}{chapter.1}% 24
\BOOKMARK [1][-]{section.1.11}{\376\377\0001\000.\0001\0001\000\040\166\356\137\125}{chapter.1}% 25
\BOOKMARK [1][-]{section.1.12}{\376\377\0001\000.\0001\0002\000\040\153\143\145\207}{chapter.1}% 26
\BOOKMARK [2][-]{subsection.1.12.1}{\376\377\0001\000.\0001\0002\000.\0001\000\040\176\352\213\272}{section.1.12}% 27
\BOOKMARK [2][-]{subsection.1.12.2}{\376\377\0001\000.\0001\0002\000.\0002\000\040\124\004\172\340\202\202}{section.1.12}% 28
\BOOKMARK [2][-]{subsection.1.12.3}{\376\377\0001\000.\0001\0002\000.\0003\000\040\176\323\213\272}{section.1.12}% 29
\BOOKMARK [1][-]{section.1.13}{\376\377\0001\000.\0001\0003\000\040\123\302\200\003\145\207\163\056}{chapter.1}% 30
\BOOKMARK [1][-]{section.1.14}{\376\377\0001\000.\0001\0004\000\040\201\364\214\042}{chapter.1}% 31
\BOOKMARK [1][-]{section.1.15}{\376\377\0001\000.\0001\0005\000\040\117\134\200\005\173\200\116\313}{chapter.1}% 32
\BOOKMARK [1][-]{section.1.16}{\376\377\0001\000.\0001\0006\000\040\121\166\116\326}{chapter.1}% 33
\BOOKMARK [0][-]{section*.30}{\376\377\123\302\200\003\145\207\163\056}{}% 34
\BOOKMARK [0][-]{section*.32}{\376\377\201\364\214\042}{}% 35
\BOOKMARK [0][-]{section*.34}{\376\377\117\134\200\005\173\200\116\313}{}% 36
